<?xml version="1.0" encoding="UTF-8"?>
<!-- Generated by org.testng.reporters.JUnitXMLReporter -->
<testsuite ignored="2" hostname="DESKTOP-1SSOFLA" failures="0" tests="1" name="Default test" time="15.264" errors="0" timestamp="2024-05-19T16:04:07 IST">
  <testcase classname="Testcases.Flipkart" name="Flipkart_flow3" time="15.192"/>
  <testcase classname="Testcases.Flipkart" name="Flipkart_flow2" time="0.0">
    <ignored/>
  </testcase> <!-- Flipkart_flow2 -->
  <testcase classname="Testcases.Flipkart" name="Flipkart_flow1" time="0.0">
    <ignored/>
  </testcase> <!-- Flipkart_flow1 -->
</testsuite> <!-- Default test -->
