<?xml version="1.0" encoding="UTF-8"?>
<!-- Generated by org.testng.reporters.JUnitXMLReporter -->
<testsuite ignored="0" hostname="DESKTOP-1SSOFLA" failures="0" tests="3" name="Test" time="36.143" errors="0" timestamp="2024-05-19T21:06:49 IST">
  <testcase classname="Testcases.Flipkart" name="Flipkart_flow1" time="14.46"/>
  <testcase classname="Testcases.Flipkart" name="Flipkart_flow2" time="8.589"/>
  <testcase classname="Testcases.Flipkart" name="Flipkart_flow3" time="13.016"/>
</testsuite> <!-- Test -->
